C51 COMPILER V9.60.7.0   ALTERNETLED                                                       01/19/2024 17:24:09 PAGE 1   


C51 COMPILER V9.60.7.0, COMPILATION OF MODULE ALTERNETLED
OBJECT MODULE PLACED IN .\Objects\alternetled.obj
COMPILER INVOKED BY: C:\Keil_v5\C51\BIN\C51.EXE alternetled.c OPTIMIZE(8,SPEED) BROWSE DEBUG OBJECTEXTEND PRINT(.\Listin
                    -gs\alternetled.lst) TABS(2) OBJECT(.\Objects\alternetled.obj)

line level    source

   1          #include<reg51.h>
   2          void delay(unsigned int count)
   3          { 
   4   1        unsigned int i;
   5   1        while(count)
   6   1        {
   7   2        int i=115;
   8   2        while(i>0)
   9   2          i--;
  10   2        count--;
  11   2        }
  12   1      }
*** WARNING C280 IN LINE 4 OF alternetled.c: 'i': unreferenced local variable
  13          void main()
  14          {
  15   1        while(1)
  16   1        {
  17   2         P2=0xAA;
  18   2         delay(1000);
  19   2         P2=0x55;
  20   2         delay(1000);
  21   2        }
  22   1      }


MODULE INFORMATION:   STATIC OVERLAYABLE
   CODE SIZE        =     54    ----
   CONSTANT SIZE    =   ----    ----
   XDATA SIZE       =   ----    ----
   PDATA SIZE       =   ----    ----
   DATA SIZE        =   ----       4
   IDATA SIZE       =   ----    ----
   BIT SIZE         =   ----    ----
END OF MODULE INFORMATION.


C51 COMPILATION COMPLETE.  1 WARNING(S),  0 ERROR(S)
